<?xml version="1.0" encoding="UTF-8"?>
<!-- Generated by org.testng.reporters.JUnitXMLReporter -->
<testsuite ignored="0" hostname="DESKTOP-BOCD8M5" failures="0" tests="2" name="Surefire test" time="0.454" errors="0" timestamp="2023-08-24T11:10:53 CLT">
  <testcase classname="com.iplacex.DatabaseConnectionTest" name="testConnection on testConnection(com.iplacex.DatabaseConnectionTest)" time="0.315"/>
  <testcase classname="com.iplacex.ServletTest" name="testVerificarCredenciales on testVerificarCredenciales(com.iplacex.ServletTest)" time="0.055"/>
</testsuite> <!-- Surefire test -->
