<?xml version="1.0" encoding="UTF-8"?>
<testng-results ignored="0" total="2" passed="2" failed="0" skipped="0">
  <reporter-output>
  </reporter-output>
  <suite started-at="2023-08-24T11:10:53 CLT" name="Surefire suite" finished-at="2023-08-24T11:10:53 CLT" duration-ms="454">
    <groups>
    </groups>
    <test started-at="2023-08-24T11:10:53 CLT" name="Surefire test" finished-at="2023-08-24T11:10:53 CLT" duration-ms="454">
      <class name="com.iplacex.DatabaseConnectionTest">
        <test-method signature="testConnection()" started-at="2023-08-24T11:10:53 CLT" name="testConnection" finished-at="2023-08-24T11:10:53 CLT" duration-ms="315" status="PASS">
          <reporter-output>
          </reporter-output>
        </test-method> <!-- testConnection -->
      </class> <!-- com.iplacex.DatabaseConnectionTest -->
      <class name="com.iplacex.ServletTest">
        <test-method signature="testVerificarCredenciales()" started-at="2023-08-24T11:10:53 CLT" name="testVerificarCredenciales" finished-at="2023-08-24T11:10:53 CLT" duration-ms="55" status="PASS">
          <reporter-output>
          </reporter-output>
        </test-method> <!-- testVerificarCredenciales -->
      </class> <!-- com.iplacex.ServletTest -->
    </test> <!-- Surefire test -->
  </suite> <!-- Surefire suite -->
</testng-results>
